[REDIS] Search index created successfully.
[DIRT] Successfully connected to Redis.
[DIRT] Existing data found. Starting real-time event listener.
[DIRT] Initializing a pool of 3 worker thread(s) for hashing.
[BROADCASTER] Initialized.
[DIRT] WebSocket server started on port 41820
[DIRT] Inbox listener connected to Redis.
[REDIS] Subscribed to keyspace events for real-time updates.
[DIRT] Client connected.
[DIRT] Received action 'findDuplicates' from client 'undefined' with data: undefined
[DIRT] Client disconnected.
[REDIS] Search index created successfully.
[DIRT] Successfully connected to Redis.
[DIRT] Existing data found. Starting real-time event listener.
[DIRT] Initializing a pool of 3 worker thread(s) for hashing.
[BROADCASTER] Initialized.
[DIRT] WebSocket server started on port 41820
[DIRT] Inbox listener connected to Redis.
[REDIS] Subscribed to keyspace events for real-time updates.
[DIRT] Client connected.
[DIRT] Received action 'findDuplicates' from client 'undefined' with data: undefined
[DIRT] Client disconnected.
